Logfile initialized
[INFO] logfile = C:\Users\ekuto\titanium\hubmvc\build.log
[DEBUG] C:\Users\ekuto\AppData\Roaming\Titanium\mobilesdk\win32\2.1.4.GA\android\builder.py simulator hubmvc C:\Users\ekuto\AppData\Local\Titanium Studio C:\Users\ekuto\titanium\hubmvc com.hubmvc.app 5 WVGA854
[INFO] Building hubmvc for Android ... one moment
[INFO] Titanium SDK version: 2.1.4 (11/09/12 12:46 51f2c64)
[DEBUG] Waiting for device to be ready ...
[TRACE] adb devices returned 1 devices/emulators
[TRACE] adb devices returned 1 devices/emulators
[TRACE] adb devices returned 1 devices/emulators
[TRACE] adb devices returned 1 devices/emulators
[TRACE] adb devices returned 1 devices/emulators
[TRACE] adb devices returned 1 devices/emulators
[TRACE] adb devices returned 1 devices/emulators
[TRACE] adb devices returned 1 devices/emulators
[DEBUG] Device connected... (waited 35 seconds)
[DEBUG] waited 35.168000 seconds on emulator to get ready
[INFO] Waiting for the Android Emulator to become available
[DEBUG] com.hubmvc.app installed? True
[INFO] Fastdev server running, deploying in Fastdev mode
[INFO] Copying CommonJS modules...
[INFO] Copying project resources..
[INFO] Detected change in tiapp.xml, or assets deleted. Forcing full re-build...
[TRACE] COPYING CREATED FILE: C:\Users\ekuto\titanium\hubmvc\Resources\android\appicon.png => C:\Users\ekuto\titanium\hubmvc\build\android\bin\assets\Resources\appicon.png
[TRACE] COPYING CREATED FILE: C:\Users\ekuto\titanium\hubmvc\Resources\android\ApplicationView.js => C:\Users\ekuto\titanium\hubmvc\build\android\bin\assets\Resources\ApplicationView.js
[TRACE] COPYING CREATED FILE: C:\Users\ekuto\titanium\hubmvc\Resources\android\default.png => C:\Users\ekuto\titanium\hubmvc\build\android\bin\assets\Resources\default.png
[TRACE] COPYING CREATED FILE: C:\Users\ekuto\titanium\hubmvc\Resources\android\ProfileView.js => C:\Users\ekuto\titanium\hubmvc\build\android\bin\assets\Resources\ProfileView.js
[TRACE] COPYING CREATED FILE: C:\Users\ekuto\titanium\hubmvc\Resources\app.js => C:\Users\ekuto\titanium\hubmvc\build\android\bin\assets\Resources\app.js
[TRACE] COPYING CREATED FILE: C:\Users\ekuto\titanium\hubmvc\Resources\common\controllers\LoginController.js => C:\Users\ekuto\titanium\hubmvc\build\android\bin\assets\Resources\common\controllers\LoginController.js
[TRACE] COPYING CREATED FILE: C:\Users\ekuto\titanium\hubmvc\Resources\common\controllers\StartupController.js => C:\Users\ekuto\titanium\hubmvc\build\android\bin\assets\Resources\common\controllers\StartupController.js
[TRACE] COPYING CREATED FILE: C:\Users\ekuto\titanium\hubmvc\Resources\common\hub.js => C:\Users\ekuto\titanium\hubmvc\build\android\bin\assets\Resources\common\hub.js
[TRACE] COPYING CREATED FILE: C:\Users\ekuto\titanium\hubmvc\Resources\common\views\DashBoardView.js => C:\Users\ekuto\titanium\hubmvc\build\android\bin\assets\Resources\common\views\DashBoardView.js
[TRACE] COPYING CREATED FILE: C:\Users\ekuto\titanium\hubmvc\Resources\common\views\LoginView.js => C:\Users\ekuto\titanium\hubmvc\build\android\bin\assets\Resources\common\views\LoginView.js
[TRACE] COPYING CREATED FILE: C:\Users\ekuto\titanium\hubmvc\Resources\images\1_Login.jpg => C:\Users\ekuto\titanium\hubmvc\build\android\bin\assets\Resources\images\1_Login.jpg
[TRACE] COPYING CREATED FILE: C:\Users\ekuto\titanium\hubmvc\Resources\images\ashoka_banner.png => C:\Users\ekuto\titanium\hubmvc\build\android\bin\assets\Resources\images\ashoka_banner.png
[TRACE] COPYING CREATED FILE: C:\Users\ekuto\titanium\hubmvc\Resources\images\ashoka_login_btn.png => C:\Users\ekuto\titanium\hubmvc\build\android\bin\assets\Resources\images\ashoka_login_btn.png
[TRACE] COPYING CREATED FILE: C:\Users\ekuto\titanium\hubmvc\Resources\images\ashoka_logo.png => C:\Users\ekuto\titanium\hubmvc\build\android\bin\assets\Resources\images\ashoka_logo.png
[TRACE] COPYING CREATED FILE: C:\Users\ekuto\titanium\hubmvc\Resources\images\ashoka_tree.png => C:\Users\ekuto\titanium\hubmvc\build\android\bin\assets\Resources\images\ashoka_tree.png
[TRACE] COPYING CREATED FILE: C:\Users\ekuto\titanium\hubmvc\Resources\ipad\ApplicationView.js => C:\Users\ekuto\titanium\hubmvc\build\android\bin\assets\Resources\ipad\ApplicationView.js
[TRACE] COPYING CREATED FILE: C:\Users\ekuto\titanium\hubmvc\Resources\ipad\ProfileView.js => C:\Users\ekuto\titanium\hubmvc\build\android\bin\assets\Resources\ipad\ProfileView.js
[TRACE] COPYING CREATED FILE: C:\Users\ekuto\titanium\hubmvc\Resources\ipod\ApplicationView.js => C:\Users\ekuto\titanium\hubmvc\build\android\bin\assets\Resources\ipod\ApplicationView.js
[TRACE] COPYING CREATED FILE: C:\Users\ekuto\titanium\hubmvc\Resources\ipod\ProfileView.js => C:\Users\ekuto\titanium\hubmvc\build\android\bin\assets\Resources\ipod\ProfileView.js
[TRACE] COPYING CREATED FILE: C:\Users\ekuto\titanium\hubmvc\Resources\KS_nav_ui.png => C:\Users\ekuto\titanium\hubmvc\build\android\bin\assets\Resources\KS_nav_ui.png
[TRACE] COPYING CREATED FILE: C:\Users\ekuto\titanium\hubmvc\Resources\KS_nav_views.png => C:\Users\ekuto\titanium\hubmvc\build\android\bin\assets\Resources\KS_nav_views.png
[TRACE] Generating Java Classes
[DEBUG] Processing Android resource drawables
[TRACE] COPYING FILE: C:\Users\ekuto\titanium\hubmvc\Resources\android\images\res-long-land-hdpi\default.png => C:\Users\ekuto\titanium\hubmvc\build\android\res\drawable-long-land-hdpi\default_d44e27d97b.png
[TRACE] COPYING FILE: C:\Users\ekuto\titanium\hubmvc\Resources\android\images\res-long-land-ldpi\default.png => C:\Users\ekuto\titanium\hubmvc\build\android\res\drawable-long-land-ldpi\default_d44e27d97b.png
[TRACE] COPYING FILE: C:\Users\ekuto\titanium\hubmvc\Resources\android\images\res-long-port-hdpi\default.png => C:\Users\ekuto\titanium\hubmvc\build\android\res\drawable-long-port-hdpi\default_d44e27d97b.png
[TRACE] COPYING FILE: C:\Users\ekuto\titanium\hubmvc\Resources\android\images\res-long-port-ldpi\default.png => C:\Users\ekuto\titanium\hubmvc\build\android\res\drawable-long-port-ldpi\default_d44e27d97b.png
[TRACE] COPYING FILE: C:\Users\ekuto\titanium\hubmvc\Resources\android\images\res-notlong-land-hdpi\default.png => C:\Users\ekuto\titanium\hubmvc\build\android\res\drawable-notlong-land-hdpi\default_d44e27d97b.png
[TRACE] COPYING FILE: C:\Users\ekuto\titanium\hubmvc\Resources\android\images\res-notlong-land-ldpi\default.png => C:\Users\ekuto\titanium\hubmvc\build\android\res\drawable-notlong-land-ldpi\default_d44e27d97b.png
[TRACE] COPYING FILE: C:\Users\ekuto\titanium\hubmvc\Resources\android\images\res-notlong-land-mdpi\default.png => C:\Users\ekuto\titanium\hubmvc\build\android\res\drawable-notlong-land-mdpi\default_d44e27d97b.png
[TRACE] COPYING FILE: C:\Users\ekuto\titanium\hubmvc\Resources\android\images\res-notlong-port-hdpi\default.png => C:\Users\ekuto\titanium\hubmvc\build\android\res\drawable-notlong-port-hdpi\default_d44e27d97b.png
[TRACE] COPYING FILE: C:\Users\ekuto\titanium\hubmvc\Resources\android\images\res-notlong-port-ldpi\default.png => C:\Users\ekuto\titanium\hubmvc\build\android\res\drawable-notlong-port-ldpi\default_d44e27d97b.png
[TRACE] COPYING FILE: C:\Users\ekuto\titanium\hubmvc\Resources\android\images\res-notlong-port-mdpi\default.png => C:\Users\ekuto\titanium\hubmvc\build\android\res\drawable-notlong-port-mdpi\default_d44e27d97b.png
[DEBUG] app stylesheet => C:\Users\ekuto\titanium\hubmvc\build\android\gen\com\hubmvc\app\ApplicationStylesheet.java
[DEBUG] copying app icon: C:\Users\ekuto\titanium\hubmvc\build\android\bin\assets\Resources\appicon.png
[DEBUG] generating theme.xml
[DEBUG] found drawable-long-land-hdpi splash screen at C:\Users\ekuto\titanium\hubmvc\Resources\android\images\res-long-land-hdpi\default.png
[DEBUG] copying C:\Users\ekuto\titanium\hubmvc\Resources\android\images\res-long-land-hdpi\default.png splash screen to C:\Users\ekuto\titanium\hubmvc\build\android\res\drawable-long-land-hdpi\background.png
[DEBUG] found drawable-long-land-ldpi splash screen at C:\Users\ekuto\titanium\hubmvc\Resources\android\images\res-long-land-ldpi\default.png
[DEBUG] copying C:\Users\ekuto\titanium\hubmvc\Resources\android\images\res-long-land-ldpi\default.png splash screen to C:\Users\ekuto\titanium\hubmvc\build\android\res\drawable-long-land-ldpi\background.png
[DEBUG] found drawable-long-port-hdpi splash screen at C:\Users\ekuto\titanium\hubmvc\Resources\android\images\res-long-port-hdpi\default.png
[DEBUG] copying C:\Users\ekuto\titanium\hubmvc\Resources\android\images\res-long-port-hdpi\default.png splash screen to C:\Users\ekuto\titanium\hubmvc\build\android\res\drawable-long-port-hdpi\background.png
[DEBUG] found drawable-long-port-ldpi splash screen at C:\Users\ekuto\titanium\hubmvc\Resources\android\images\res-long-port-ldpi\default.png
[DEBUG] copying C:\Users\ekuto\titanium\hubmvc\Resources\android\images\res-long-port-ldpi\default.png splash screen to C:\Users\ekuto\titanium\hubmvc\build\android\res\drawable-long-port-ldpi\background.png
[DEBUG] found drawable-notlong-land-hdpi splash screen at C:\Users\ekuto\titanium\hubmvc\Resources\android\images\res-notlong-land-hdpi\default.png
[DEBUG] copying C:\Users\ekuto\titanium\hubmvc\Resources\android\images\res-notlong-land-hdpi\default.png splash screen to C:\Users\ekuto\titanium\hubmvc\build\android\res\drawable-notlong-land-hdpi\background.png
[DEBUG] found drawable-notlong-land-ldpi splash screen at C:\Users\ekuto\titanium\hubmvc\Resources\android\images\res-notlong-land-ldpi\default.png
[DEBUG] copying C:\Users\ekuto\titanium\hubmvc\Resources\android\images\res-notlong-land-ldpi\default.png splash screen to C:\Users\ekuto\titanium\hubmvc\build\android\res\drawable-notlong-land-ldpi\background.png
[DEBUG] found drawable-notlong-land-mdpi splash screen at C:\Users\ekuto\titanium\hubmvc\Resources\android\images\res-notlong-land-mdpi\default.png
[DEBUG] copying C:\Users\ekuto\titanium\hubmvc\Resources\android\images\res-notlong-land-mdpi\default.png splash screen to C:\Users\ekuto\titanium\hubmvc\build\android\res\drawable-notlong-land-mdpi\background.png
[DEBUG] found drawable-notlong-port-hdpi splash screen at C:\Users\ekuto\titanium\hubmvc\Resources\android\images\res-notlong-port-hdpi\default.png
[DEBUG] copying C:\Users\ekuto\titanium\hubmvc\Resources\android\images\res-notlong-port-hdpi\default.png splash screen to C:\Users\ekuto\titanium\hubmvc\build\android\res\drawable-notlong-port-hdpi\background.png
[DEBUG] found drawable-notlong-port-ldpi splash screen at C:\Users\ekuto\titanium\hubmvc\Resources\android\images\res-notlong-port-ldpi\default.png
[DEBUG] copying C:\Users\ekuto\titanium\hubmvc\Resources\android\images\res-notlong-port-ldpi\default.png splash screen to C:\Users\ekuto\titanium\hubmvc\build\android\res\drawable-notlong-port-ldpi\background.png
[DEBUG] found drawable-notlong-port-mdpi splash screen at C:\Users\ekuto\titanium\hubmvc\Resources\android\images\res-notlong-port-mdpi\default.png
[DEBUG] copying C:\Users\ekuto\titanium\hubmvc\Resources\android\images\res-notlong-port-mdpi\default.png splash screen to C:\Users\ekuto\titanium\hubmvc\build\android\res\drawable-notlong-port-mdpi\background.png
[DEBUG] found splash screen at C:\Users\ekuto\titanium\hubmvc\build\android\bin\assets\Resources\default.png
[TRACE] Writing out AndroidManifest.xml
[DEBUG] adding C:\Users\ekuto\titanium\hubmvc\build\android\gen\com\hubmvc\app\ApplicationStylesheet.java to javac build list
[DEBUG] adding C:\Users\ekuto\titanium\hubmvc\build\android\gen\com\hubmvc\app\HubmvcActivity.java to javac build list
[DEBUG] adding C:\Users\ekuto\titanium\hubmvc\build\android\gen\com\hubmvc\app\HubmvcAppInfo.java to javac build list
[DEBUG] adding C:\Users\ekuto\titanium\hubmvc\build\android\gen\com\hubmvc\app\HubmvcApplication.java to javac build list
[DEBUG] adding C:\Users\ekuto\titanium\hubmvc\build\android\gen\com\hubmvc\app\R.java to javac build list
[DEBUG] Building Java Sources: "C:\\Users\\ekuto\\titanium\\hubmvc\\build\\android\\gen\\com\\hubmvc\\app\\ApplicationStylesheet.java" "C:\\Users\\ekuto\\titanium\\hubmvc\\build\\android\\gen\\com\\hubmvc\\app\\HubmvcActivity.java" "C:\\Users\\ekuto\\titanium\\hubmvc\\build\\android\\gen\\com\\hubmvc\\app\\HubmvcAppInfo.java" "C:\\Users\\ekuto\\titanium\\hubmvc\\build\\android\\gen\\com\\hubmvc\\app\\HubmvcApplication.java" "C:\\Users\\ekuto\\titanium\\hubmvc\\build\\android\\gen\\com\\hubmvc\\app\\R.java"
[INFO] Waiting for SDCard to become available..
[INFO] Compiling Android Resources... This could take some time
[DEBUG] Android classes.dex built
[DEBUG] creating unsigned apk: C:\Users\ekuto\titanium\hubmvc\build\android\bin\app-unsigned.apk
[DEBUG] from resource zip => assets/Resources/common/controllers/LoginController.js
[DEBUG] from resource zip => assets/Resources/common/controllers/StartupController.js
[DEBUG] from resource zip => assets/Resources/common/views/DashBoardView.js
[DEBUG] from resource zip => assets/Resources/common/views/LoginView.js
[DEBUG] from resource zip => assets/Resources/common/hub.js
[DEBUG] from resource zip => assets/Resources/images/1_Login.jpg
[DEBUG] from resource zip => assets/Resources/images/ashoka_banner.png
[DEBUG] from resource zip => assets/Resources/images/ashoka_login_btn.png
[DEBUG] from resource zip => assets/Resources/images/ashoka_logo.png
[DEBUG] from resource zip => assets/Resources/images/ashoka_tree.png
[DEBUG] from resource zip => assets/Resources/ipad/ApplicationView.js
[DEBUG] from resource zip => assets/Resources/ipad/ProfileView.js
[DEBUG] from resource zip => assets/Resources/ipod/ApplicationView.js
[DEBUG] from resource zip => assets/Resources/ipod/ProfileView.js
[DEBUG] from resource zip => assets/Resources/ApplicationView.js
[DEBUG] from resource zip => assets/Resources/KS_nav_ui.png
[DEBUG] from resource zip => assets/Resources/KS_nav_views.png
[DEBUG] from resource zip => assets/Resources/ProfileView.js
[DEBUG] from resource zip => assets/Resources/app.js
[DEBUG] from resource zip => assets/Resources/appicon.png
[DEBUG] from resource zip => assets/Resources/default.png
[DEBUG] from resource zip => assets/Resources/ti.cloud.js
[DEBUG] from resource zip => assets/app.json
[DEBUG] from resource zip => assets/index.json
[DEBUG] from resource zip => assets/tiapp.xml
[DEBUG] from resource zip => res/drawable/appicon.png
[DEBUG] from resource zip => res/drawable/background.png
[DEBUG] from resource zip => res/drawable/close.png
[DEBUG] from resource zip => res/drawable/facebook_login.png
[DEBUG] from resource zip => res/drawable/facebook_login_down.png
[DEBUG] from resource zip => res/drawable/facebook_login_wide.png
[DEBUG] from resource zip => res/drawable/facebook_login_wide_down.png
[DEBUG] from resource zip => res/drawable/facebook_logout.png
[DEBUG] from resource zip => res/drawable/facebook_logout_down.png
[DEBUG] from resource zip => res/layout/titanium_tabgroup.xml
[DEBUG] from resource zip => AndroidManifest.xml
[DEBUG] from resource zip => resources.arsc
[DEBUG] from resource zip => res/drawable-hdpi/close.png
[DEBUG] from resource zip => res/drawable-ldpi/close.png
[DEBUG] from resource zip => res/drawable-long-land-hdpi/background.png
[DEBUG] from resource zip => res/drawable-long-land-hdpi/default_d44e27d97b.png
[DEBUG] from resource zip => res/drawable-long-land-ldpi/background.png
[DEBUG] from resource zip => res/drawable-long-land-ldpi/default_d44e27d97b.png
[DEBUG] from resource zip => res/drawable-long-port-hdpi/background.png
[DEBUG] from resource zip => res/drawable-long-port-hdpi/default_d44e27d97b.png
[DEBUG] from resource zip => res/drawable-long-port-ldpi/background.png
[DEBUG] from resource zip => res/drawable-long-port-ldpi/default_d44e27d97b.png
[DEBUG] from resource zip => res/drawable-notlong-land-hdpi/background.png
[DEBUG] from resource zip => res/drawable-notlong-land-hdpi/default_d44e27d97b.png
[DEBUG] from resource zip => res/drawable-notlong-land-ldpi/background.png
[DEBUG] from resource zip => res/drawable-notlong-land-ldpi/default_d44e27d97b.png
[DEBUG] from resource zip => res/drawable-notlong-land-mdpi/background.png
[DEBUG] from resource zip => res/drawable-notlong-land-mdpi/default_d44e27d97b.png
[DEBUG] from resource zip => res/drawable-notlong-port-hdpi/background.png
[DEBUG] from resource zip => res/drawable-notlong-port-hdpi/default_d44e27d97b.png
[DEBUG] from resource zip => res/drawable-notlong-port-ldpi/background.png
[DEBUG] from resource zip => res/drawable-notlong-port-ldpi/default_d44e27d97b.png
[DEBUG] from resource zip => res/drawable-notlong-port-mdpi/background.png
[DEBUG] from resource zip => res/drawable-notlong-port-mdpi/default_d44e27d97b.png
[DEBUG] from JAR C:\Users\ekuto\AppData\Roaming\Titanium\mobilesdk\win32\2.1.4.GA\android\thirdparty.jar => org/apache/Commons-NOTICE.txt
[DEBUG] from JAR C:\Users\ekuto\AppData\Roaming\Titanium\mobilesdk\win32\2.1.4.GA\android\thirdparty.jar => org/apache/HttpComponents-NOTICE.txt
[DEBUG] from JAR C:\Users\ekuto\AppData\Roaming\Titanium\mobilesdk\win32\2.1.4.GA\android\thirdparty.jar => org/apache/mime4j-NOTICE.txt
[DEBUG] from JAR C:\Users\ekuto\AppData\Roaming\Titanium\mobilesdk\win32\2.1.4.GA\android\modules\titanium-facebook.jar => ti/modules/titanium/facebook/LICENSE
[DEBUG] from JAR C:\Users\ekuto\AppData\Roaming\Titanium\mobilesdk\win32\2.1.4.GA\android\titanium.jar => org/appcelerator/titanium/build.properties
[DEBUG] from JAR C:\Users\ekuto\AppData\Roaming\Titanium\mobilesdk\win32\2.1.4.GA\android\titanium.jar => org/appcelerator/titanium/res/drawable/background.png
[DEBUG] from JAR C:\Users\ekuto\AppData\Roaming\Titanium\mobilesdk\win32\2.1.4.GA\android\titanium.jar => org/appcelerator/titanium/res/drawable/btn_check_buttonless_on.png
[DEBUG] from JAR C:\Users\ekuto\AppData\Roaming\Titanium\mobilesdk\win32\2.1.4.GA\android\titanium.jar => org/appcelerator/titanium/res/drawable/btn_check_buttonless_on_18.png
[DEBUG] from JAR C:\Users\ekuto\AppData\Roaming\Titanium\mobilesdk\win32\2.1.4.GA\android\titanium.jar => org/appcelerator/titanium/res/drawable/btn_check_buttonless_on_48.png
[DEBUG] from JAR C:\Users\ekuto\AppData\Roaming\Titanium\mobilesdk\win32\2.1.4.GA\android\titanium.jar => org/appcelerator/titanium/res/drawable/btn_more.png
[DEBUG] from JAR C:\Users\ekuto\AppData\Roaming\Titanium\mobilesdk\win32\2.1.4.GA\android\titanium.jar => org/appcelerator/titanium/res/drawable/btn_more_18.png
[DEBUG] from JAR C:\Users\ekuto\AppData\Roaming\Titanium\mobilesdk\win32\2.1.4.GA\android\titanium.jar => org/appcelerator/titanium/res/drawable/btn_more_48.png
[DEBUG] from JAR C:\Users\ekuto\AppData\Roaming\Titanium\mobilesdk\win32\2.1.4.GA\android\titanium.jar => org/appcelerator/titanium/res/drawable/btn_picker_normal.9.png
[DEBUG] from JAR C:\Users\ekuto\AppData\Roaming\Titanium\mobilesdk\win32\2.1.4.GA\android\titanium.jar => org/appcelerator/titanium/res/drawable/btn_picker_pressed.9.png
[DEBUG] from JAR C:\Users\ekuto\AppData\Roaming\Titanium\mobilesdk\win32\2.1.4.GA\android\titanium.jar => org/appcelerator/titanium/res/drawable/btn_picker_selected.9.png
[DEBUG] from JAR C:\Users\ekuto\AppData\Roaming\Titanium\mobilesdk\win32\2.1.4.GA\android\titanium.jar => org/appcelerator/titanium/res/drawable/default_icon.png
[DEBUG] from JAR C:\Users\ekuto\AppData\Roaming\Titanium\mobilesdk\win32\2.1.4.GA\android\titanium.jar => org/appcelerator/titanium/res/drawable/photoDefault.png
[DEBUG] from JAR C:\Users\ekuto\AppData\Roaming\Titanium\mobilesdk\win32\2.1.4.GA\android\modules\titanium-ui.jar => ti/modules/titanium/ui/widget/webview/binding.js
[DEBUG] from JAR C:\Users\ekuto\AppData\Roaming\Titanium\mobilesdk\win32\2.1.4.GA\android\modules\titanium-ui.jar => ti/modules/titanium/ui/widget/webview/binding.min.js
[DEBUG] from JAR C:\Users\ekuto\AppData\Roaming\Titanium\mobilesdk\win32\2.1.4.GA\android\modules\titanium-ui.jar => ti/modules/titanium/ui/widget/webview/json2.js
[DEBUG] from JAR C:\Users\ekuto\AppData\Roaming\Titanium\mobilesdk\win32\2.1.4.GA\android\modules\titanium-ui.jar => ti/modules/titanium/ui/widget/webview/polling.js
[DEBUG] from JAR C:\Users\ekuto\AppData\Roaming\Titanium\mobilesdk\win32\2.1.4.GA\android\modules\titanium-ui.jar => ti/modules/titanium/ui/widget/webview/polling.min.js
[DEBUG] installing native SDK libs
[DEBUG] Waiting for device to be ready ...
[TRACE] adb devices returned 1 devices/emulators
[DEBUG] Device connected... (waited 0 seconds)
[DEBUG] waited 0.017000 seconds on emulator to get ready
[INFO] Installing application on emulator
[INFO] Launching application ... hubmvc
[TRACE] Launch output: Starting: Intent { act=android.intent.action.MAIN cat=[android.intent.category.LAUNCHER] flg=0x10200000 cmp=com.hubmvc.app/.HubmvcActivity }

[INFO] Deployed hubmvc ... Application should be running.
